{"name":"data1","status":"skipped","statusDetails":{"known":false,"muted":false,"flaky":false,"message":"java.lang.ArrayIndexOutOfBoundsException: Index 0 out of bounds for length 0","trace":"java.lang.RuntimeException: java.lang.ArrayIndexOutOfBoundsException: Index 0 out of bounds for length 0\r\n\tat org.testng.internal.MethodInvocationHelper.invokeMethodNoCheckedException(MethodInvocationHelper.java:49)\r\n\tat org.testng.internal.MethodInvocationHelper.invokeDataProvider(MethodInvocationHelper.java:131)\r\n\tat org.testng.internal.Parameters.handleParameters(Parameters.java:706)\r\n\tat org.testng.internal.ParameterHandler.handleParameters(ParameterHandler.java:49)\r\n\tat org.testng.internal.ParameterHandler.createParameters(ParameterHandler.java:37)\r\n\tat org.testng.internal.Invoker.invokeTestMethods(Invoker.java:924)\r\n\tat org.testng.internal.TestMethodWorker.invokeTestMethods(TestMethodWorker.java:125)\r\n\tat org.testng.internal.TestMethodWorker.run(TestMethodWorker.java:109)\r\n\tat org.testng.TestRunner.privateRun(TestRunner.java:648)\r\n\tat org.testng.TestRunner.run(TestRunner.java:505)\r\n\tat org.testng.SuiteRunner.runTest(SuiteRunner.java:455)\r\n\tat org.testng.SuiteRunner.runSequentially(SuiteRunner.java:450)\r\n\tat org.testng.SuiteRunner.privateRun(SuiteRunner.java:415)\r\n\tat org.testng.SuiteRunner.run(SuiteRunner.java:364)\r\n\tat org.testng.SuiteRunnerWorker.runSuite(SuiteRunnerWorker.java:52)\r\n\tat org.testng.SuiteRunnerWorker.run(SuiteRunnerWorker.java:84)\r\n\tat org.testng.TestNG.runSuitesSequentially(TestNG.java:1208)\r\n\tat org.testng.TestNG.runSuitesLocally(TestNG.java:1137)\r\n\tat org.testng.TestNG.runSuites(TestNG.java:1049)\r\n\tat org.testng.TestNG.run(TestNG.java:1017)\r\n\tat org.testng.remote.AbstractRemoteTestNG.run(AbstractRemoteTestNG.java:115)\r\n\tat org.testng.remote.RemoteTestNG.initAndRun(RemoteTestNG.java:251)\r\n\tat org.testng.remote.RemoteTestNG.main(RemoteTestNG.java:77)\r\nCaused by: java.lang.ArrayIndexOutOfBoundsException: Index 0 out of bounds for length 0\r\n\tat testCases.TestCase2.searchData(TestCase2.java:37)\r\n\tat java.base/jdk.internal.reflect.NativeMethodAccessorImpl.invoke0(Native Method)\r\n\tat java.base/jdk.internal.reflect.NativeMethodAccessorImpl.invoke(NativeMethodAccessorImpl.java:64)\r\n\tat java.base/jdk.internal.reflect.DelegatingMethodAccessorImpl.invoke(DelegatingMethodAccessorImpl.java:43)\r\n\tat java.base/java.lang.reflect.Method.invoke(Method.java:564)\r\n\tat org.testng.internal.MethodInvocationHelper.invokeMethod(MethodInvocationHelper.java:124)\r\n\tat org.testng.internal.MethodInvocationHelper.invokeMethod(MethodInvocationHelper.java:74)\r\n\tat org.testng.internal.MethodInvocationHelper.invokeMethodNoCheckedException(MethodInvocationHelper.java:45)\r\n\t... 22 more\r\n"},"stage":"finished","steps":[],"attachments":[],"parameters":[],"start":1621944981611,"stop":1621944981622,"uuid":"091c682a-c2de-49c5-9d98-c1230fe66993","historyId":"daa7a0051a9ae5a5f2ad0deff629ff4f","fullName":"testCases.TestCase2.data1","labels":[{"name":"package","value":"testCases.TestCase2"},{"name":"testClass","value":"testCases.TestCase2"},{"name":"testMethod","value":"data1"},{"name":"parentSuite","value":"Default suite"},{"name":"suite","value":"Default test"},{"name":"subSuite","value":"testCases.TestCase2"},{"name":"host","value":"DNYANDA"},{"name":"thread","value":"28900@DNYANDA.main(1)"},{"name":"framework","value":"testng"},{"name":"language","value":"java"}],"links":[]}