<?xml version="1.0" encoding="UTF-8"?>
<!-- Generated by org.testng.reporters.JUnitReportReporter -->
<testsuite hostname="DESKTOP-QANCJUS" failures="0" tests="6" name="com.tripadvisor.tests.CruisesTest" time="9.796" errors="1" timestamp="25 May 2021 00:18:46 GMT" skipped="5">
  <testcase classname="com.tripadvisor.tests.CruisesTest" name="verifyCruiseIsSelectedTest" time="0.000">
    <skipped/>
  </testcase> <!-- verifyCruiseIsSelectedTest -->
  <testcase classname="com.tripadvisor.tests.CruisesTest" name="cruiseDetailsTest" time="0.000">
    <skipped/>
  </testcase> <!-- cruiseDetailsTest -->
  <testcase classname="com.tripadvisor.tests.CruisesTest" name="verifySearchNotActivatedTest" time="0.000">
    <skipped/>
  </testcase> <!-- verifySearchNotActivatedTest -->
  <testcase classname="com.tripadvisor.tests.CruisesTest" name="verifyShipDropDownNotActivatedTest" time="0.000">
    <skipped/>
  </testcase> <!-- verifyShipDropDownNotActivatedTest -->
  <testcase classname="com.tripadvisor.tests.CruisesTest" name="setUp" time="9.796">
    <error message="Cannot invoke &quot;com.aventstack.extentreports.ExtentTest.log(com.aventstack.extentreports.Status, String)&quot; because &quot;com.tripadvisor.base.BaseUI.logger&quot; is null" type="java.lang.NullPointerException">
      <![CDATA[java.lang.NullPointerException: Cannot invoke "com.aventstack.extentreports.ExtentTest.log(com.aventstack.extentreports.Status, String)" because "com.tripadvisor.base.BaseUI.logger" is null
at com.tripadvisor.base.BaseUI.reportFail(BaseUI.java:303)
at com.tripadvisor.base.BaseUI.openBrowser(BaseUI.java:99)
at com.tripadvisor.tests.CruisesTest.setUp(CruisesTest.java:31)
at java.base/jdk.internal.reflect.NativeMethodAccessorImpl.invoke0(Native Method)
at java.base/jdk.internal.reflect.NativeMethodAccessorImpl.invoke(NativeMethodAccessorImpl.java:64)
at java.base/jdk.internal.reflect.DelegatingMethodAccessorImpl.invoke(DelegatingMethodAccessorImpl.java:43)
at java.base/java.lang.reflect.Method.invoke(Method.java:564)
at org.testng.internal.MethodInvocationHelper.invokeMethod(MethodInvocationHelper.java:124)
at org.testng.internal.MethodInvocationHelper.invokeMethodConsideringTimeout(MethodInvocationHelper.java:59)
at org.testng.internal.Invoker.invokeConfigurationMethod(Invoker.java:458)
at org.testng.internal.Invoker.invokeConfigurations(Invoker.java:222)
at org.testng.internal.Invoker.invokeConfigurations(Invoker.java:142)
at org.testng.internal.TestMethodWorker.invokeBeforeClassMethods(TestMethodWorker.java:168)
at org.testng.internal.TestMethodWorker.run(TestMethodWorker.java:105)
at org.testng.TestRunner.privateRun(TestRunner.java:648)
at org.testng.TestRunner.run(TestRunner.java:505)
at org.testng.SuiteRunner.runTest(SuiteRunner.java:455)
at org.testng.SuiteRunner.runSequentially(SuiteRunner.java:450)
at org.testng.SuiteRunner.privateRun(SuiteRunner.java:415)
at org.testng.SuiteRunner.run(SuiteRunner.java:364)
at org.testng.SuiteRunnerWorker.runSuite(SuiteRunnerWorker.java:52)
at org.testng.SuiteRunnerWorker.run(SuiteRunnerWorker.java:84)
at org.testng.TestNG.runSuitesSequentially(TestNG.java:1208)
at org.testng.TestNG.runSuitesLocally(TestNG.java:1137)
at org.testng.TestNG.runSuites(TestNG.java:1049)
at org.testng.TestNG.run(TestNG.java:1017)
at org.apache.maven.surefire.testng.TestNGExecutor.run(TestNGExecutor.java:135)
at org.apache.maven.surefire.testng.TestNGDirectoryTestSuite.executeMulti(TestNGDirectoryTestSuite.java:193)
at org.apache.maven.surefire.testng.TestNGDirectoryTestSuite.execute(TestNGDirectoryTestSuite.java:94)
at org.apache.maven.surefire.testng.TestNGProvider.invoke(TestNGProvider.java:146)
at org.apache.maven.surefire.booter.ForkedBooter.invokeProviderInSameClassLoader(ForkedBooter.java:384)
at org.apache.maven.surefire.booter.ForkedBooter.runSuitesInProcess(ForkedBooter.java:345)
at org.apache.maven.surefire.booter.ForkedBooter.execute(ForkedBooter.java:126)
at org.apache.maven.surefire.booter.ForkedBooter.main(ForkedBooter.java:418)
]]>
    </error>
  </testcase> <!-- setUp -->
  <testcase classname="com.tripadvisor.tests.CruisesTest" name="verifyCruisesPageTitleTest" time="0.000">
    <skipped/>
  </testcase> <!-- verifyCruisesPageTitleTest -->
</testsuite> <!-- com.tripadvisor.tests.CruisesTest -->
