<?xml version="1.0" encoding="UTF-8"?>
<!-- Generated by org.testng.reporters.JUnitXMLReporter -->
<testsuite ignored="0" hostname="DESKTOP-QANCJUS" failures="1" tests="21" name="Surefire test" time="45.591" errors="0" timestamp="25 May 2021 00:18:46 GMT">
  <testcase classname="com.tripadvisor.tests.CruisesTest" name="@BeforeClass setUp" time="9.796">
    <failure type="java.lang.NullPointerException" message="Cannot invoke &amp;quot;com.aventstack.extentreports.ExtentTest.log(com.aventstack.extentreports.Status, String)&amp;quot; because &amp;quot;com.tripadvisor.base.BaseUI.logger&amp;quot; is null">
      <![CDATA[java.lang.NullPointerException: Cannot invoke "com.aventstack.extentreports.ExtentTest.log(com.aventstack.extentreports.Status, String)" because "com.tripadvisor.base.BaseUI.logger" is null
at com.tripadvisor.base.BaseUI.reportFail(BaseUI.java:303)
at com.tripadvisor.base.BaseUI.openBrowser(BaseUI.java:99)
at com.tripadvisor.tests.CruisesTest.setUp(CruisesTest.java:31)
... Removed 31 stack frames]]>
    </failure>
  </testcase> <!-- @BeforeClass setUp -->
  <testcase classname="com.tripadvisor.tests.CruisesTest" name="@AfterClass afterTest" time="0.0">
    <skipped/>
  </testcase> <!-- @AfterClass afterTest -->
  <testcase classname="com.tripadvisor.tests.CruisesTest" name="verifyCruisesPageTitleTest" time="0.0">
    <skipped/>
  </testcase> <!-- verifyCruisesPageTitleTest -->
  <testcase classname="com.tripadvisor.tests.CruisesTest" name="verifySearchNotActivatedTest" time="0.0">
    <skipped/>
  </testcase> <!-- verifySearchNotActivatedTest -->
  <testcase classname="com.tripadvisor.tests.CruisesTest" name="verifyShipDropDownNotActivatedTest" time="0.0">
    <skipped/>
  </testcase> <!-- verifyShipDropDownNotActivatedTest -->
  <testcase classname="com.tripadvisor.tests.CruisesTest" name="verifyCruiseIsSelectedTest" time="0.0">
    <skipped/>
  </testcase> <!-- verifyCruiseIsSelectedTest -->
  <testcase classname="com.tripadvisor.tests.CruisesTest" name="cruiseDetailsTest" time="0.0">
    <skipped/>
  </testcase> <!-- cruiseDetailsTest -->
  <testcase classname="com.tripadvisor.tests.HolidayHomesTest" name="invalidLocationTest" time="30.211">
    <failure type="java.lang.AssertionError" message="Test case failed: Expected condition failed: waiting for element to be clickable: By.xpath: //*[@id=&amp;quot;lithium-root&amp;quot;]/main/div[1]/div[2]/div/div/div[2]/a/span/span[1] (tried for 30 second(s) with 500 milliseconds interval)">
      <![CDATA[java.lang.AssertionError: Test case failed: Expected condition failed: waiting for element to be clickable: By.xpath: //*[@id="lithium-root"]/main/div[1]/div[2]/div/div/div[2]/a/span/span[1] (tried for 30 second(s) with 500 milliseconds interval)
at com.tripadvisor.base.BaseUI.reportFail(BaseUI.java:304)
at com.tripadvisor.base.BaseUI.clickOn(BaseUI.java:193)
at com.tripadvisor.pages.HomePage.searchHolidayHomesLocation(HomePage.java:36)
at com.tripadvisor.tests.HolidayHomesTest.invalidLocationTest(HolidayHomesTest.java:40)
... Removed 31 stack frames]]>
    </failure>
  </testcase> <!-- invalidLocationTest -->
  <testcase classname="com.tripadvisor.tests.HolidayHomesTest" name="verifySearchLocationTitleTest" time="0.0">
    <skipped/>
  </testcase> <!-- verifySearchLocationTitleTest -->
  <testcase classname="com.tripadvisor.tests.HolidayHomesTest" name="holidayHomesTest" time="0.0">
    <skipped/>
  </testcase> <!-- holidayHomesTest -->
  <testcase classname="com.tripadvisor.tests.HolidayHomesTest" name="verifyBookNowTest" time="0.0">
    <skipped/>
  </testcase> <!-- verifyBookNowTest -->
  <testcase classname="com.tripadvisor.tests.HolidayHomesTest" name="verifyHotelCheckInTest" time="0.0">
    <skipped/>
  </testcase> <!-- verifyHotelCheckInTest -->
  <testcase classname="com.tripadvisor.tests.HolidayHomesTest" name="verifyHotelCheckOutTest" time="0.0">
    <skipped/>
  </testcase> <!-- verifyHotelCheckOutTest -->
  <testcase classname="com.tripadvisor.tests.HolidayHomesTest" name="verifyHotelGuestsTest" time="0.0">
    <skipped/>
  </testcase> <!-- verifyHotelGuestsTest -->
  <testcase classname="com.tripadvisor.tests.HolidayHomesTest" name="verifyHotelElevatorTest" time="0.0">
    <skipped/>
  </testcase> <!-- verifyHotelElevatorTest -->
  <testcase classname="com.tripadvisor.tests.HolidayHomesTest" name="clearAllFiltersTest" time="0.0">
    <skipped/>
  </testcase> <!-- clearAllFiltersTest -->
  <testcase classname="com.tripadvisor.tests.HolidayHomesTest" name="showPricesButtonTest" time="0.0">
    <skipped/>
  </testcase> <!-- showPricesButtonTest -->
  <testcase classname="com.tripadvisor.tests.HolidayHomesTest" name="bookNowButtonTest" time="0.0">
    <skipped/>
  </testcase> <!-- bookNowButtonTest -->
  <testcase classname="com.tripadvisor.tests.HolidayHomesTest" name="verifyCheckInSelectedTest" time="0.0">
    <skipped/>
  </testcase> <!-- verifyCheckInSelectedTest -->
  <testcase classname="com.tripadvisor.tests.HolidayHomesTest" name="verifyCheckOutSelectedTest" time="0.0">
    <skipped/>
  </testcase> <!-- verifyCheckOutSelectedTest -->
  <testcase classname="com.tripadvisor.tests.HolidayHomesTest" name="verifyCheckInOutFilterTest" time="0.0">
    <skipped/>
  </testcase> <!-- verifyCheckInOutFilterTest -->
  <testcase classname="com.tripadvisor.tests.HolidayHomesTest" name="verifyElevatorFilterAppliedTest" time="0.0">
    <skipped/>
  </testcase> <!-- verifyElevatorFilterAppliedTest -->
  <testcase classname="com.tripadvisor.tests.HolidayHomesTest" name="verifyPastDateNotSelectedTest" time="0.0">
    <skipped/>
  </testcase> <!-- verifyPastDateNotSelectedTest -->
</testsuite> <!-- Surefire test -->
